2023-08-05 00:44:30 [WARNING]  - 1407
2023-08-05 00:44:30 [ERROR] Invalid input - 28066
2023-08-05 00:44:30 [INFO]  - 19082
2023-08-05 00:44:30 [INFO]  - 26202
2023-08-05 00:44:30 [ERROR] Disk full - 29959
2023-08-05 00:44:30 [CRITICAL]  - 21670
2023-08-05 00:44:30 [ERROR] Failed to connect - 6164
2023-08-05 00:44:30 [CRITICAL]  - 13569
2023-08-05 00:44:30 [CRITICAL]  - 8079
2023-08-05 00:44:30 [DEBUG]  - 8765
2023-08-05 00:44:30 [DEBUG]  - 20607
2023-08-05 00:44:30 [ERROR] Invalid input - 8011
2023-08-05 00:44:30 [WARNING]  - 32052
2023-08-05 00:44:30 [CRITICAL]  - 4811
2023-08-05 00:44:30 [DEBUG]  - 3851
2023-08-05 00:44:30 [INFO]  - 30420
2023-08-05 00:44:30 [CRITICAL]  - 18283
2023-08-05 00:44:30 [INFO]  - 20577
2023-08-05 00:44:30 [ERROR] Segmentation fault - 31433
2023-08-05 00:44:30 [ERROR] Segmentation fault - 29031
2023-08-05 00:44:30 [DEBUG]  - 4350
2023-08-05 00:44:30 [WARNING]  - 6127
2023-08-05 00:44:30 [CRITICAL]  - 26307
2023-08-05 00:44:30 [ERROR] Segmentation fault - 19524
2023-08-05 00:44:30 [ERROR] Failed to connect - 22642
2023-08-05 00:44:30 [INFO]  - 9993
2023-08-05 00:44:30 [INFO]  - 8698
2023-08-05 00:44:30 [CRITICAL]  - 24035
2023-08-05 00:44:30 [WARNING]  - 31251
2023-08-05 00:44:30 [WARNING]  - 16350
2023-08-05 00:44:30 [WARNING]  - 25350
2023-08-05 00:44:30 [DEBUG]  - 10277
2023-08-05 00:44:30 [DEBUG]  - 27458
2023-08-05 00:44:30 [DEBUG]  - 11989
2023-08-05 00:44:30 [WARNING]  - 10956
2023-08-05 00:44:30 [INFO]  - 27200
2023-08-05 00:44:30 [WARNING]  - 32454
2023-08-05 00:44:30 [WARNING]  - 9086
2023-08-05 00:44:30 [CRITICAL]  - 21474
2023-08-05 00:44:30 [WARNING]  - 31951
2023-08-05 00:44:30 [INFO]  - 722
2023-08-05 00:44:30 [WARNING]  - 1525
2023-08-05 00:44:30 [ERROR] Out of memory - 18187
2023-08-05 00:44:30 [INFO]  - 1263
2023-08-05 00:44:30 [WARNING]  - 20527
2023-08-05 00:44:30 [WARNING]  - 6668
2023-08-05 00:44:30 [DEBUG]  - 25505
2023-08-05 00:44:30 [WARNING]  - 20507
2023-08-05 00:44:30 [WARNING]  - 3451
2023-08-05 00:44:30 [INFO]  - 24908
2023-08-05 00:44:30 [ERROR] Segmentation fault - 2205
2023-08-05 00:44:30 [ERROR] Failed to connect - 28048
2023-08-05 00:44:30 [INFO]  - 18011
2023-08-05 00:44:30 [ERROR] Failed to connect - 17845
2023-08-05 00:44:30 [WARNING]  - 6950
2023-08-05 00:44:30 [INFO]  - 24646
2023-08-05 00:44:30 [ERROR] Segmentation fault - 1699
2023-08-05 00:44:30 [INFO]  - 21725
2023-08-05 00:44:30 [CRITICAL]  - 17134
2023-08-05 00:44:30 [WARNING]  - 14250
2023-08-05 00:44:30 [ERROR] Disk full - 31182
2023-08-05 00:44:30 [WARNING]  - 7662
2023-08-05 00:44:30 [CRITICAL]  - 13346
2023-08-05 00:44:30 [WARNING]  - 29866
2023-08-05 00:44:30 [ERROR] Failed to connect - 4716
2023-08-05 00:44:30 [CRITICAL]  - 3184
2023-08-05 00:44:30 [INFO]  - 178
2023-08-05 00:44:30 [WARNING]  - 29733
2023-08-05 00:44:30 [WARNING]  - 7562
2023-08-05 00:44:30 [ERROR] Disk full - 27377
2023-08-05 00:44:30 [DEBUG]  - 19947
2023-08-05 00:44:30 [DEBUG]  - 5512
2023-08-05 00:44:30 [WARNING]  - 19271
2023-08-05 00:44:30 [INFO]  - 1610
2023-08-05 00:44:30 [INFO]  - 7932
2023-08-05 00:44:30 [CRITICAL]  - 164
2023-08-05 00:44:30 [CRITICAL]  - 18867
2023-08-05 00:44:30 [INFO]  - 14827
2023-08-05 00:44:30 [CRITICAL]  - 9140
2023-08-05 00:44:30 [ERROR] Disk full - 1999
2023-08-05 00:44:30 [INFO]  - 5784
2023-08-05 00:44:30 [ERROR] Out of memory - 31839
2023-08-05 00:44:30 [DEBUG]  - 15901
2023-08-05 00:44:30 [ERROR] Invalid input - 22961
2023-08-05 00:44:30 [ERROR] Out of memory - 9285
2023-08-05 00:44:30 [ERROR] Failed to connect - 21845
2023-08-05 00:44:30 [INFO]  - 2262
2023-08-05 00:44:30 [INFO]  - 5115
2023-08-05 00:44:30 [WARNING]  - 23292
2023-08-05 00:44:30 [DEBUG]  - 31931
2023-08-05 00:44:30 [CRITICAL]  - 2259
2023-08-05 00:44:30 [INFO]  - 30003
2023-08-05 00:44:30 [ERROR] Failed to connect - 6866
2023-08-05 00:44:30 [CRITICAL]  - 8149
2023-08-05 00:44:30 [ERROR] Segmentation fault - 28172
2023-08-05 00:44:30 [WARNING]  - 32125
2023-08-05 00:44:30 [CRITICAL]  - 3703
2023-08-05 00:44:30 [DEBUG]  - 20727
2023-08-05 00:44:30 [WARNING]  - 30191
2023-08-05 00:44:30 [WARNING]  - 7965
