2023-08-04 18:45:32 [DEBUG] 
2023-08-04 18:45:32 [INFO] 
2023-08-04 18:45:32 [DEBUG] 
2023-08-04 18:45:32 [WARNING] 
2023-08-04 18:45:32 [DEBUG] 
2023-08-04 18:45:32 [INFO] 
2023-08-04 18:45:32 [INFO] 
2023-08-04 18:45:32 [WARNING] 
2023-08-04 18:45:32 [DEBUG] 
2023-08-04 18:45:32 [ERROR] Failed to connect
2023-08-04 18:45:32 [ERROR] Failed to connect
2023-08-04 18:45:32 [DEBUG] 
2023-08-04 18:45:32 [DEBUG] 
2023-08-04 18:45:32 [CRITICAL] Server Restarted - Out of Memory,
2023-08-04 18:45:32 [INFO] 
2023-08-04 18:45:32 [CRITICAL] Could not generate JWT Token
2023-08-04 18:45:32 [WARNING] 
2023-08-04 18:45:32 [INFO] 
2023-08-04 18:45:32 [ERROR] Invalid input
2023-08-04 18:45:32 [INFO] 
2023-08-04 18:45:32 [CRITICAL] Failed to connect to AWS service,
2023-08-04 18:45:32 [CRITICAL] Failed to connect to AWS service,
2023-08-04 18:45:32 [WARNING] 
2023-08-04 18:45:32 [DEBUG] 
2023-08-04 18:45:32 [INFO] 
2023-08-04 18:45:32 [DEBUG] 
2023-08-04 18:45:32 [DEBUG] 
2023-08-04 18:45:32 [DEBUG] 
2023-08-04 18:45:32 [DEBUG] 
2023-08-04 18:45:32 [WARNING] 
2023-08-04 18:45:32 [WARNING] 
2023-08-04 18:45:32 [CRITICAL] Server Restarted - Out of Memory,
2023-08-04 18:45:32 [INFO] 
2023-08-04 18:45:32 [WARNING] 
2023-08-04 18:45:32 [CRITICAL] Server Restarted - Out of Memory,
2023-08-04 18:45:32 [DEBUG] 
2023-08-04 18:45:32 [ERROR] Out of memory,
2023-08-04 18:45:32 [CRITICAL] Could not generate JWT Token
2023-08-04 18:45:32 [ERROR] Failed to connect
2023-08-04 18:45:32 [ERROR] Segmentation fault
2023-08-04 18:45:32 [CRITICAL] Failed to connect to AWS service,
2023-08-04 18:45:32 [DEBUG] 
2023-08-04 18:45:32 [ERROR] Disk full
2023-08-04 18:45:32 [WARNING] 
2023-08-04 18:45:32 [DEBUG] 
2023-08-04 18:45:32 [CRITICAL] Server Restarted - Out of Memory,
2023-08-04 18:45:32 [DEBUG] 
2023-08-04 18:45:32 [INFO] 
2023-08-04 18:45:32 [WARNING] 
2023-08-04 18:45:32 [CRITICAL] Failed to connect to AWS service,
2023-08-04 18:45:32 [ERROR] Could not connect to DB,
2023-08-04 18:45:32 [INFO] 
2023-08-04 18:45:32 [CRITICAL] Could not generate JWT Token
2023-08-04 18:45:32 [CRITICAL] Failed to connect to AWS service,
2023-08-04 18:45:32 [CRITICAL] Failed to connect to AWS service,
2023-08-04 18:45:32 [DEBUG] 
2023-08-04 18:45:32 [WARNING] 
2023-08-04 18:45:32 [ERROR] Disk full
2023-08-04 18:45:32 [CRITICAL] Could not generate JWT Token
2023-08-04 18:45:32 [ERROR] Failed to connect
2023-08-04 18:45:32 [DEBUG] 
2023-08-04 18:45:32 [ERROR] Could not connect to DB,
2023-08-04 18:45:32 [CRITICAL] Failed to connect to AWS service,
2023-08-04 18:45:32 [DEBUG] 
2023-08-04 18:45:32 [DEBUG] 
2023-08-04 18:45:32 [CRITICAL] Could not generate JWT Token
2023-08-04 18:45:32 [CRITICAL] Server Restarted - Out of Memory,
2023-08-04 18:45:32 [CRITICAL] Could not generate JWT Token
2023-08-04 18:45:32 [ERROR] No Value returned from DB
2023-08-04 18:45:32 [WARNING] 
2023-08-04 18:45:32 [DEBUG] 
2023-08-04 18:45:32 [DEBUG] 
2023-08-04 18:45:32 [ERROR] No Value returned from DB
2023-08-04 18:45:32 [WARNING] 
2023-08-04 18:45:32 [CRITICAL] Could not generate JWT Token
2023-08-04 18:45:32 [DEBUG] 
2023-08-04 18:45:32 [WARNING] 
2023-08-04 18:45:32 [WARNING] 
2023-08-04 18:45:32 [WARNING] 
2023-08-04 18:45:32 [ERROR] Out of memory,
2023-08-04 18:45:32 [CRITICAL] Failed to connect to AWS service,
2023-08-04 18:45:32 [CRITICAL] Failed to connect to AWS service,
2023-08-04 18:45:32 [DEBUG] 
2023-08-04 18:45:32 [ERROR] Out of memory,
2023-08-04 18:45:32 [ERROR] Segmentation fault
2023-08-04 18:45:32 [CRITICAL] Server Restarted - Out of Memory,
2023-08-04 18:45:32 [WARNING] 
2023-08-04 18:45:32 [INFO] 
2023-08-04 18:45:32 [ERROR] Failed to connect
2023-08-04 18:45:32 [ERROR] No Value returned from DB
2023-08-04 18:45:32 [DEBUG] 
2023-08-04 18:45:32 [ERROR] Segmentation fault
2023-08-04 18:45:32 [WARNING] 
2023-08-04 18:45:32 [INFO] 
2023-08-04 18:45:32 [DEBUG] 
2023-08-04 18:45:32 [WARNING] 
2023-08-04 18:45:32 [ERROR] Out of memory,
2023-08-04 18:45:32 [DEBUG] 
2023-08-04 18:45:32 [WARNING] 
2023-08-04 18:45:32 [DEBUG] 
2023-08-04 18:45:32 [CRITICAL] Server Restarted - Out of Memory,
2023-08-04 18:45:32 [CRITICAL] Could not generate JWT Token
2023-08-04 18:45:32 [ERROR] Failed to connect
2023-08-04 18:45:32 [WARNING] 
2023-08-04 18:45:32 [DEBUG] 
2023-08-04 18:45:32 [ERROR] Invalid input
2023-08-04 18:45:32 [CRITICAL] Failed to connect to AWS service,
2023-08-04 18:45:32 [ERROR] Could not connect to DB,
2023-08-04 18:45:32 [INFO] 
2023-08-04 18:45:32 [DEBUG] 
2023-08-04 18:45:32 [CRITICAL] Could not generate JWT Token
2023-08-04 18:45:32 [CRITICAL] Could not generate JWT Token
2023-08-04 18:45:32 [ERROR] No Value returned from DB
2023-08-04 18:45:32 [ERROR] Could not connect to DB,
2023-08-04 18:45:32 [CRITICAL] Failed to connect to AWS service,
2023-08-04 18:45:32 [ERROR] Segmentation fault
2023-08-04 18:45:32 [WARNING] 
2023-08-04 18:45:32 [ERROR] Out of memory,
2023-08-04 18:45:32 [ERROR] Disk full
2023-08-04 18:45:32 [CRITICAL] Failed to connect to AWS service,
2023-08-04 18:45:32 [WARNING] 
2023-08-04 18:45:32 [WARNING] 
2023-08-04 18:45:32 [CRITICAL] Could not generate JWT Token
2023-08-04 18:45:33 [WARNING] 
2023-08-04 18:45:33 [INFO] 
2023-08-04 18:45:33 [CRITICAL] Failed to connect to AWS service,
2023-08-04 18:45:33 [CRITICAL] Server Restarted - Out of Memory,
2023-08-04 18:45:33 [CRITICAL] Server Restarted - Out of Memory,
2023-08-04 18:45:33 [ERROR] Could not connect to DB,
2023-08-04 18:45:33 [CRITICAL] Could not generate JWT Token
2023-08-04 18:45:33 [ERROR] No Value returned from DB
2023-08-04 18:45:33 [CRITICAL] Failed to connect to AWS service,
2023-08-04 18:45:33 [WARNING] 
2023-08-04 18:45:33 [DEBUG] 
2023-08-04 18:45:33 [DEBUG] 
2023-08-04 18:45:33 [DEBUG] 
2023-08-04 18:45:33 [DEBUG] 
2023-08-04 18:45:33 [DEBUG] 
2023-08-04 18:45:33 [CRITICAL] Server Restarted - Out of Memory,
2023-08-04 18:45:33 [INFO] 
2023-08-04 18:45:33 [CRITICAL] Failed to connect to AWS service,
2023-08-04 18:45:33 [INFO] 
2023-08-04 18:45:33 [WARNING] 
2023-08-04 18:45:33 [DEBUG] 
2023-08-04 18:45:33 [INFO] 
2023-08-04 18:45:33 [ERROR] Invalid input
2023-08-04 18:45:33 [DEBUG] 
2023-08-04 18:45:33 [WARNING] 
2023-08-04 18:45:33 [DEBUG] 
2023-08-04 18:45:33 [ERROR] Could not connect to DB,
2023-08-04 18:45:33 [ERROR] Invalid input
2023-08-04 18:45:33 [DEBUG] 
2023-08-04 18:45:33 [INFO] 
2023-08-04 18:45:33 [WARNING] 
2023-08-04 18:45:33 [ERROR] Out of memory,
2023-08-04 18:45:33 [WARNING] 
2023-08-04 18:45:33 [INFO] 
2023-08-04 18:45:33 [DEBUG] 
2023-08-04 18:45:33 [ERROR] No Value returned from DB
2023-08-04 18:45:33 [CRITICAL] Server Restarted - Out of Memory,
2023-08-04 18:45:33 [INFO] 
2023-08-04 18:45:33 [WARNING] 
2023-08-04 18:45:33 [WARNING] 
2023-08-04 18:45:33 [INFO] 
2023-08-04 18:45:33 [DEBUG] 
2023-08-04 18:45:33 [DEBUG] 
2023-08-04 18:45:33 [DEBUG] 
2023-08-04 18:45:33 [ERROR] Failed to connect
2023-08-04 18:45:33 [DEBUG] 
2023-08-04 18:45:33 [CRITICAL] Could not generate JWT Token
2023-08-04 18:45:33 [INFO] 
2023-08-04 18:45:33 [ERROR] Segmentation fault
2023-08-04 18:45:33 [WARNING] 
2023-08-04 18:45:33 [INFO] 
2023-08-04 18:45:33 [CRITICAL] Could not generate JWT Token
2023-08-04 18:45:33 [ERROR] Disk full
2023-08-04 18:45:33 [WARNING] 
2023-08-04 18:45:33 [ERROR] No Value returned from DB
2023-08-04 18:45:33 [DEBUG] 
2023-08-04 18:45:33 [ERROR] Disk full
2023-08-04 18:45:33 [CRITICAL] Could not generate JWT Token
2023-08-04 18:45:33 [ERROR] Could not connect to DB,
2023-08-04 18:45:33 [DEBUG] 
2023-08-04 18:45:33 [ERROR] Segmentation fault
2023-08-04 18:45:33 [ERROR] Could not connect to DB,
2023-08-04 18:45:33 [ERROR] Invalid input
2023-08-04 18:45:33 [INFO] 
2023-08-04 18:45:33 [DEBUG] 
2023-08-04 18:45:33 [WARNING] 
2023-08-04 18:45:33 [DEBUG] 
2023-08-04 18:45:33 [WARNING] 
2023-08-04 18:45:33 [CRITICAL] Could not generate JWT Token
2023-08-04 18:45:33 [ERROR] Invalid input
2023-08-04 18:45:33 [DEBUG] 
2023-08-04 18:45:33 [WARNING] 
2023-08-04 18:45:33 [CRITICAL] Could not generate JWT Token
2023-08-04 18:45:33 [CRITICAL] Could not generate JWT Token
2023-08-04 18:45:33 [INFO] 
2023-08-04 18:45:33 [ERROR] Disk full
2023-08-04 18:45:33 [DEBUG] 
