2023-08-04 14:52:26 [DEBUG]  - 15492
2023-08-04 14:52:26 [CRITICAL]  - 9931
2023-08-04 14:52:26 [ERROR] Disk full - 21455
2023-08-04 14:52:26 [INFO]  - 322
2023-08-04 14:52:26 [ERROR] Segmentation fault - 29780
2023-08-04 14:52:26 [INFO]  - 2319
2023-08-04 14:52:26 [INFO]  - 22462
2023-08-04 14:52:26 [INFO]  - 31309
2023-08-04 14:52:26 [DEBUG]  - 3171
2023-08-04 14:52:26 [ERROR] Invalid input - 13361
2023-08-04 14:52:26 [WARNING]  - 31418
2023-08-04 14:52:26 [CRITICAL]  - 18610
2023-08-04 14:52:26 [INFO]  - 8735
2023-08-04 14:52:26 [INFO]  - 12807
2023-08-04 14:52:26 [CRITICAL]  - 32604
2023-08-04 14:52:26 [WARNING]  - 18603
2023-08-04 14:52:26 [CRITICAL]  - 8022
2023-08-04 14:52:26 [DEBUG]  - 12975
2023-08-04 14:52:26 [DEBUG]  - 17772
2023-08-04 14:52:26 [ERROR] Invalid input - 13938
2023-08-04 14:52:26 [WARNING]  - 26583
2023-08-04 14:52:26 [INFO]  - 28002
2023-08-04 14:52:26 [WARNING]  - 25186
2023-08-04 14:52:26 [DEBUG]  - 21316
2023-08-04 14:52:26 [DEBUG]  - 2581
2023-08-04 14:52:26 [ERROR] Segmentation fault - 18976
2023-08-04 14:52:26 [INFO]  - 29202
2023-08-04 14:52:26 [CRITICAL]  - 6799
2023-08-04 14:52:26 [DEBUG]  - 7081
2023-08-04 14:52:26 [CRITICAL]  - 18552
2023-08-04 14:52:26 [WARNING]  - 27791
2023-08-04 14:52:26 [CRITICAL]  - 11113
2023-08-04 14:52:26 [INFO]  - 3678
2023-08-04 14:52:26 [WARNING]  - 6663
2023-08-04 14:52:26 [WARNING]  - 3371
2023-08-04 14:52:26 [INFO]  - 31051
2023-08-04 14:52:26 [CRITICAL]  - 19571
2023-08-04 14:52:26 [INFO]  - 23629
2023-08-04 14:52:26 [CRITICAL]  - 2854
2023-08-04 14:52:26 [CRITICAL]  - 15066
2023-08-04 14:52:26 [INFO]  - 22487
2023-08-04 14:52:26 [CRITICAL]  - 28344
2023-08-04 14:52:26 [DEBUG]  - 29461
2023-08-04 14:52:26 [ERROR] File not found - 28975
2023-08-04 14:52:26 [INFO]  - 17986
2023-08-04 14:52:26 [CRITICAL]  - 13775
2023-08-04 14:52:26 [CRITICAL]  - 31720
2023-08-04 14:52:26 [ERROR] Segmentation fault - 13663
2023-08-04 14:52:26 [INFO]  - 6336
2023-08-04 14:52:26 [WARNING]  - 4070
2023-08-04 14:52:26 [WARNING]  - 8466
2023-08-04 14:52:26 [CRITICAL]  - 8107
2023-08-04 14:52:26 [WARNING]  - 8412
2023-08-04 14:52:26 [DEBUG]  - 936
2023-08-04 14:52:26 [INFO]  - 25418
2023-08-04 14:52:26 [ERROR] Out of memory - 29480
2023-08-04 14:52:26 [WARNING]  - 13259
2023-08-04 14:52:26 [CRITICAL]  - 4078
2023-08-04 14:52:26 [DEBUG]  - 27501
2023-08-04 14:52:26 [DEBUG]  - 9474
2023-08-04 14:52:26 [CRITICAL]  - 9364
2023-08-04 14:52:26 [ERROR] Timeout - 6862
2023-08-04 14:52:26 [ERROR] Disk full - 13157
2023-08-04 14:52:26 [INFO]  - 25403
2023-08-04 14:52:26 [INFO]  - 22249
2023-08-04 14:52:26 [CRITICAL]  - 22911
2023-08-04 14:52:26 [WARNING]  - 21172
2023-08-04 14:52:26 [DEBUG]  - 14914
2023-08-04 14:52:26 [INFO]  - 30312
2023-08-04 14:52:26 [DEBUG]  - 9407
2023-08-04 14:52:26 [CRITICAL]  - 8673
2023-08-04 14:52:26 [DEBUG]  - 7370
2023-08-04 14:52:26 [DEBUG]  - 23656
2023-08-04 14:52:26 [CRITICAL]  - 23188
2023-08-04 14:52:26 [ERROR] Segmentation fault - 25406
2023-08-04 14:52:26 [DEBUG]  - 3739
2023-08-04 14:52:26 [WARNING]  - 5977
2023-08-04 14:52:26 [WARNING]  - 8577
2023-08-04 14:52:26 [WARNING]  - 13503
2023-08-04 14:52:26 [INFO]  - 14712
2023-08-04 14:52:26 [DEBUG]  - 4121
2023-08-04 14:52:26 [WARNING]  - 29042
2023-08-04 14:52:26 [CRITICAL]  - 29553
2023-08-04 14:52:26 [DEBUG]  - 15388
2023-08-04 14:52:26 [INFO]  - 9655
2023-08-04 14:52:26 [CRITICAL]  - 29900
2023-08-04 14:52:26 [WARNING]  - 13147
2023-08-04 14:52:26 [INFO]  - 4910
2023-08-04 14:52:26 [ERROR] Disk full - 22296
2023-08-04 14:52:26 [WARNING]  - 28700
2023-08-04 14:52:26 [INFO]  - 25714
2023-08-04 14:52:26 [INFO]  - 17862
2023-08-04 14:52:26 [ERROR] Permission denied - 23501
2023-08-04 14:52:26 [WARNING]  - 13528
2023-08-04 14:52:26 [INFO]  - 1044
2023-08-04 14:52:26 [INFO]  - 17782
2023-08-04 14:52:26 [ERROR] Permission denied - 8410
2023-08-04 14:52:26 [CRITICAL]  - 14104
2023-08-04 14:52:26 [CRITICAL]  - 31900
2023-08-04 14:52:26 [INFO]  - 4163
2023-08-04 14:52:26 [DEBUG]  - 22960
2023-08-04 14:52:26 [WARNING]  - 9648
2023-08-04 14:52:26 [ERROR] Segmentation fault - 24115
2023-08-04 14:52:26 [DEBUG]  - 16618
2023-08-04 14:52:26 [CRITICAL]  - 17537
2023-08-04 14:52:26 [CRITICAL]  - 32729
2023-08-04 14:52:26 [DEBUG]  - 5486
2023-08-04 14:52:26 [INFO]  - 10877
2023-08-04 14:52:26 [INFO]  - 17370
2023-08-04 14:52:26 [CRITICAL]  - 22285
2023-08-04 14:52:26 [CRITICAL]  - 17009
2023-08-04 14:52:26 [INFO]  - 3002
2023-08-04 14:52:26 [INFO]  - 23500
2023-08-04 14:52:26 [ERROR] Connection refused - 20277
2023-08-04 14:52:26 [INFO]  - 26016
2023-08-04 14:52:26 [WARNING]  - 20966
2023-08-04 14:52:26 [INFO]  - 6801
2023-08-04 14:52:26 [WARNING]  - 28761
2023-08-04 14:52:26 [WARNING]  - 1792
2023-08-04 14:52:26 [CRITICAL]  - 18616
2023-08-04 14:52:26 [CRITICAL]  - 31053
2023-08-04 14:52:26 [INFO]  - 15792
2023-08-04 14:52:26 [DEBUG]  - 10602
2023-08-04 14:52:26 [DEBUG]  - 6598
2023-08-04 14:52:26 [INFO]  - 10789
2023-08-04 14:52:26 [INFO]  - 29776
2023-08-04 14:52:26 [INFO]  - 27373
2023-08-04 14:52:26 [ERROR] File not found - 23665
2023-08-04 14:52:26 [DEBUG]  - 24196
2023-08-04 14:52:26 [ERROR] Out of memory - 5354
2023-08-04 14:52:26 [WARNING]  - 1049
2023-08-04 14:52:26 [WARNING]  - 22487
2023-08-04 14:52:26 [ERROR] Disk full - 10440
2023-08-04 14:52:26 [ERROR] Segmentation fault - 7079
2023-08-04 14:52:26 [INFO]  - 17352
2023-08-04 14:52:26 [WARNING]  - 5385
2023-08-04 14:52:26 [WARNING]  - 30154
2023-08-04 14:52:26 [DEBUG]  - 30501
2023-08-04 14:52:26 [ERROR] Permission denied - 19414
2023-08-04 14:52:26 [ERROR] File not found - 3013
2023-08-04 14:52:26 [WARNING]  - 11558
2023-08-04 14:52:26 [INFO]  - 21963
2023-08-04 14:52:26 [INFO]  - 4617
2023-08-04 14:52:26 [WARNING]  - 17018
2023-08-04 14:52:26 [ERROR] Invalid input - 12028
2023-08-04 14:52:26 [DEBUG]  - 3582
2023-08-04 14:52:26 [INFO]  - 18181
2023-08-04 14:52:26 [INFO]  - 9138
2023-08-04 14:52:26 [INFO]  - 11748
2023-08-04 14:52:26 [WARNING]  - 22248
2023-08-04 14:52:26 [ERROR] Timeout - 15694
2023-08-04 14:52:26 [INFO]  - 13460
2023-08-04 14:52:26 [DEBUG]  - 16467
2023-08-04 14:52:26 [WARNING]  - 22282
2023-08-04 14:52:26 [ERROR] Connection refused - 8296
2023-08-04 14:52:26 [WARNING]  - 32485
2023-08-04 14:52:26 [WARNING]  - 30208
2023-08-04 14:52:26 [ERROR] Failed to connect - 7828
2023-08-04 14:52:26 [WARNING]  - 26089
2023-08-04 14:52:26 [CRITICAL]  - 12532
2023-08-04 14:52:26 [CRITICAL]  - 28216
2023-08-04 14:52:26 [CRITICAL]  - 31835
2023-08-04 14:52:26 [CRITICAL]  - 5721
2023-08-04 14:52:26 [ERROR] Invalid input - 1841
2023-08-04 14:52:26 [INFO]  - 16739
2023-08-04 14:52:26 [INFO]  - 18902
2023-08-04 14:52:26 [ERROR] Out of memory - 30781
2023-08-04 14:52:26 [INFO]  - 23672
2023-08-04 14:52:26 [WARNING]  - 4280
2023-08-04 14:52:26 [WARNING]  - 559
2023-08-04 14:52:26 [INFO]  - 12348
2023-08-04 14:52:26 [INFO]  - 10787
2023-08-04 14:52:26 [INFO]  - 28531
2023-08-04 14:52:26 [CRITICAL]  - 11648
2023-08-04 14:52:26 [INFO]  - 3373
2023-08-04 14:52:26 [DEBUG]  - 23950
2023-08-04 14:52:26 [INFO]  - 8698
2023-08-04 14:52:26 [CRITICAL]  - 8364
2023-08-04 14:52:26 [INFO]  - 22653
2023-08-04 14:52:26 [CRITICAL]  - 24481
2023-08-04 14:52:26 [ERROR] Failed to connect - 30723
2023-08-04 14:52:26 [ERROR] Permission denied - 9708
2023-08-04 14:52:26 [DEBUG]  - 7780
2023-08-04 14:52:26 [INFO]  - 32052
2023-08-04 14:52:26 [INFO]  - 6071
2023-08-04 14:52:26 [CRITICAL]  - 5536
2023-08-04 14:52:26 [INFO]  - 9213
2023-08-04 14:52:26 [ERROR] Failed to connect - 13655
2023-08-04 14:52:26 [ERROR] Segmentation fault - 24765
2023-08-04 14:52:26 [ERROR] Disk full - 22656
2023-08-04 14:52:26 [INFO]  - 12725
2023-08-04 14:52:26 [ERROR] Failed to connect - 30138
2023-08-04 14:52:26 [WARNING]  - 13200
2023-08-04 14:52:26 [CRITICAL]  - 6033
2023-08-04 14:52:26 [ERROR] Out of memory - 21286
2023-08-04 14:52:26 [CRITICAL]  - 12167
2023-08-04 14:52:26 [WARNING]  - 11477
2023-08-04 14:52:26 [DEBUG]  - 1772
2023-08-04 14:52:26 [ERROR] Failed to connect - 29799
2023-08-04 14:52:26 [DEBUG]  - 27700
2023-08-04 14:52:26 [DEBUG]  - 31273
2023-08-04 14:52:26 [INFO]  - 22357
2023-08-04 14:52:26 [INFO]  - 28049
2023-08-04 14:52:26 [ERROR] Failed to connect - 673
2023-08-04 14:52:26 [ERROR] Failed to connect - 18574
2023-08-04 14:52:26 [CRITICAL]  - 14222
2023-08-04 14:52:26 [DEBUG]  - 6903
2023-08-04 14:52:26 [ERROR] Failed to connect - 22902
2023-08-04 14:52:26 [WARNING]  - 27662
2023-08-04 14:52:26 [INFO]  - 25500
2023-08-04 14:52:26 [DEBUG]  - 12913
2023-08-04 14:52:26 [CRITICAL]  - 10208
2023-08-04 14:52:26 [ERROR] Connection refused - 22778
2023-08-04 14:52:26 [CRITICAL]  - 32682
2023-08-04 14:52:26 [INFO]  - 5396
2023-08-04 14:52:26 [WARNING]  - 31589
2023-08-04 14:52:26 [ERROR] Segmentation fault - 8068
2023-08-04 14:52:26 [ERROR] Permission denied - 22422
2023-08-04 14:52:26 [ERROR] Connection refused - 28923
2023-08-04 14:52:26 [CRITICAL]  - 5664
2023-08-04 14:52:26 [WARNING]  - 19833
2023-08-04 14:52:26 [ERROR] Timeout - 23972
2023-08-04 14:52:26 [DEBUG]  - 3304
2023-08-04 14:52:26 [CRITICAL]  - 2668
2023-08-04 14:52:26 [DEBUG]  - 29447
2023-08-04 14:52:26 [ERROR] Segmentation fault - 11938
2023-08-04 14:52:26 [ERROR] Segmentation fault - 2920
2023-08-04 14:52:26 [CRITICAL]  - 5712
2023-08-04 14:52:26 [DEBUG]  - 6661
2023-08-04 14:52:26 [ERROR] File not found - 27703
2023-08-04 14:52:26 [INFO]  - 7797
2023-08-04 14:52:26 [DEBUG]  - 32110
2023-08-04 14:52:26 [DEBUG]  - 29872
2023-08-04 14:52:26 [DEBUG]  - 18823
2023-08-04 14:52:26 [DEBUG]  - 8759
2023-08-04 14:52:26 [ERROR] Out of memory - 12972
2023-08-04 14:52:26 [INFO]  - 2809
2023-08-04 14:52:26 [CRITICAL]  - 14774
2023-08-04 14:52:26 [WARNING]  - 16261
2023-08-04 14:52:26 [INFO]  - 4840
2023-08-04 14:52:26 [CRITICAL]  - 5768
2023-08-04 14:52:26 [ERROR] Disk full - 28425
2023-08-04 14:52:26 [DEBUG]  - 23030
2023-08-04 14:52:26 [WARNING]  - 25725
2023-08-04 14:52:26 [ERROR] Invalid input - 21859
2023-08-04 14:52:26 [INFO]  - 28266
2023-08-04 14:52:26 [ERROR] Timeout - 16689
2023-08-04 14:52:26 [INFO]  - 23673
2023-08-04 14:52:26 [WARNING]  - 10699
2023-08-04 14:52:26 [DEBUG]  - 26415
2023-08-04 14:52:26 [WARNING]  - 2063
2023-08-04 14:52:26 [INFO]  - 16976
2023-08-04 14:52:26 [INFO]  - 14631
2023-08-04 14:52:26 [WARNING]  - 21362
2023-08-04 14:52:26 [ERROR] File not found - 27946
2023-08-04 14:52:26 [WARNING]  - 2026
2023-08-04 14:52:26 [CRITICAL]  - 23214
2023-08-04 14:52:26 [WARNING]  - 3761
2023-08-04 14:52:26 [WARNING]  - 21427
2023-08-04 14:52:26 [DEBUG]  - 574
2023-08-04 14:52:26 [INFO]  - 11668
2023-08-04 14:52:26 [DEBUG]  - 9878
2023-08-04 14:52:26 [WARNING]  - 19535
2023-08-04 14:52:27 [CRITICAL]  - 11714
2023-08-04 14:52:27 [ERROR] Disk full - 4261
2023-08-04 14:52:27 [DEBUG]  - 3893
2023-08-04 14:52:27 [ERROR] File not found - 23236
2023-08-04 14:52:27 [DEBUG]  - 6910
2023-08-04 14:52:27 [WARNING]  - 11290
2023-08-04 14:52:27 [DEBUG]  - 26394
2023-08-04 14:52:27 [DEBUG]  - 30664
2023-08-04 14:52:27 [ERROR] Disk full - 5324
2023-08-04 14:52:27 [DEBUG]  - 28515
2023-08-04 14:52:27 [CRITICAL]  - 5122
2023-08-04 14:52:27 [WARNING]  - 23106
2023-08-04 14:52:27 [INFO]  - 3684
2023-08-04 14:52:27 [WARNING]  - 22112
2023-08-04 14:52:27 [INFO]  - 31316
2023-08-04 14:52:27 [DEBUG]  - 9765
2023-08-04 14:52:27 [ERROR] Timeout - 18510
2023-08-04 14:52:27 [DEBUG]  - 14232
2023-08-04 14:52:27 [ERROR] Failed to connect - 8488
2023-08-04 14:52:27 [ERROR] Failed to connect - 7400
2023-08-04 14:52:27 [ERROR] Invalid input - 13443
2023-08-04 14:52:27 [DEBUG]  - 6485
2023-08-04 14:52:27 [CRITICAL]  - 19055
2023-08-04 14:52:27 [CRITICAL]  - 5441
2023-08-04 14:52:27 [INFO]  - 27663
2023-08-04 14:52:27 [DEBUG]  - 15634
2023-08-04 14:52:27 [DEBUG]  - 25359
2023-08-04 14:52:27 [CRITICAL]  - 9692
2023-08-04 14:52:27 [ERROR] Failed to connect - 26895
2023-08-04 14:52:27 [DEBUG]  - 3409
2023-08-04 14:52:27 [CRITICAL]  - 17933
2023-08-04 14:52:27 [DEBUG]  - 19153
2023-08-04 14:52:27 [DEBUG]  - 10522
2023-08-04 14:52:27 [ERROR] Permission denied - 25136
2023-08-04 14:52:27 [DEBUG]  - 12072
2023-08-04 14:52:27 [INFO]  - 11080
2023-08-04 14:52:27 [DEBUG]  - 20022
